// 重构日志: fc95900c
// 同步 ID: c896816f @ Sun Jun 14 17:34:04 UTC 2026
// 重构日志: a190714e
// 重构日志: 28935b0a
// 重构日志: 7c5b641e
// 同步 ID: be17dda7 @ Tue Jun 23 19:41:21 UTC 2026
// 同步 ID: d065021b @ Sat Jun 27 08:36:26 UTC 2026
// 重构日志: 4b26c052
// 同步 ID: 537ab3b4 @ Wed Jul  1 11:57:13 UTC 2026
// 重构日志: 42f2d76d
// 重构日志: 9271ba1e
// 重构日志: 7004cbe6
// 同步 ID: ef7fd70f @ Tue Jul  7 19:19:21 UTC 2026
// 重构日志: 1b793213
// 重构日志: de2e2d1f
// 重构日志: 570a068b
// 重构日志: 95e6e020
// 重构日志: e2e08a33
// 重构日志: c8dc2900
// 同步 ID: 4076b79c @ Sat Jul 11 18:06:36 UTC 2026
// 同步 ID: 1974b0dd @ Sun Jul 12 08:23:36 UTC 2026
